<?xml version="1.0" encoding="UTF-8"?>
<!-- Generated by org.testng.reporters.JUnitXMLReporter -->
<testsuite ignored="0" hostname="QT-INBG-LT0478" failures="0" tests="3" name="Default test" time="15.681" errors="0" timestamp="2022-06-16T21:48:35 IST">
  <testcase classname="HomeA.LandingApp" name="home_method" time="6.459"/>
  <testcase classname="HomeA.LandingApp" name="Orderpa" time="5.51"/>
  <testcase classname="HomeA.LandingApp" name="contactus" time="3.666"/>
</testsuite> <!-- Default test -->
