<?xml version="1.0" encoding="UTF-8"?>
<testng-results ignored="0" total="3" passed="3" failed="0" skipped="0">
  <reporter-output>
  </reporter-output>
  <suite started-at="2022-06-16T21:48:19 IST" name="Default suite" finished-at="2022-06-16T21:48:35 IST" duration-ms="15681">
    <groups>
    </groups>
    <test started-at="2022-06-16T21:48:19 IST" name="Default test" finished-at="2022-06-16T21:48:35 IST" duration-ms="15681">
      <class name="HomeA.LandingApp">
        <test-method signature="home_method()[pri:1, instance:HomeA.LandingApp@2dc54ad4]" started-at="2022-06-16T21:48:19 IST" name="home_method" finished-at="2022-06-16T21:48:26 IST" duration-ms="6459" status="PASS">
          <reporter-output>
          </reporter-output>
        </test-method> <!-- home_method -->
        <test-method signature="Orderpa()[pri:2, instance:HomeA.LandingApp@2dc54ad4]" started-at="2022-06-16T21:48:26 IST" name="Orderpa" finished-at="2022-06-16T21:48:31 IST" duration-ms="5510" status="PASS">
          <reporter-output>
          </reporter-output>
        </test-method> <!-- Orderpa -->
        <test-method signature="contactus()[pri:3, instance:HomeA.LandingApp@2dc54ad4]" started-at="2022-06-16T21:48:31 IST" name="contactus" finished-at="2022-06-16T21:48:35 IST" duration-ms="3666" status="PASS">
          <reporter-output>
          </reporter-output>
        </test-method> <!-- contactus -->
      </class> <!-- HomeA.LandingApp -->
    </test> <!-- Default test -->
  </suite> <!-- Default suite -->
</testng-results>
